\BOOKMARK [0][-]{chapter.1}{\376\377\000I\000n\000t\000r\000o\000d\000u\000c\000c\000i\000\363\000n}{}% 1
\BOOKMARK [1][-]{section.1.1}{\376\377\000O\000b\000j\000e\000t\000i\000v\000o\000s}{chapter.1}% 2
\BOOKMARK [1][-]{section.1.2}{\376\377\000E\000s\000t\000r\000u\000c\000t\000u\000r\000a\000\040\000d\000e\000\040\000l\000a\000\040\000m\000e\000m\000o\000r\000i\000a}{chapter.1}% 3
\BOOKMARK [0][-]{chapter.2}{\376\377\000R\000e\000v\000i\000s\000i\000\363\000n\000\040\000d\000e\000\040\000t\000\351\000c\000n\000i\000c\000a\000s}{}% 4
\BOOKMARK [1][-]{section.2.1}{\376\377\000C\000i\000e\000n\000c\000i\000a\000\040\000d\000e\000\040\000d\000a\000t\000o\000s\000\040\000y\000\040\000e\000l\000\040\000c\000i\000c\000l\000o\000\040\000d\000e\000\040\000v\000i\000d\000a\000\040\000d\000e\000\040\000l\000o\000s\000\040\000d\000a\000t\000o\000s}{chapter.2}% 5
\BOOKMARK [2][-]{subsection.2.1.1}{\376\377\000C\000i\000e\000n\000c\000i\000a\000\040\000d\000e\000\040\000d\000a\000t\000o\000s}{section.2.1}% 6
\BOOKMARK [2][-]{subsection.2.1.2}{\376\377\000C\000r\000o\000s\000s\000-\000I\000n\000d\000u\000s\000t\000r\000y\000\040\000S\000t\000a\000n\000d\000a\000r\000d\000\040\000P\000r\000o\000c\000e\000s\000s\000\040\000f\000o\000r\000\040\000D\000a\000t\000a\000\040\000M\000i\000n\000i\000n\000g\000\040\000-\000\040\000C\000R\000I\000S\000P\000-\000D\000M}{section.2.1}% 7
\BOOKMARK [1][-]{section.2.2}{\376\377\000A\000p\000r\000e\000n\000d\000i\000z\000a\000j\000e\000\040\000a\000u\000t\000o\000m\000\341\000t\000i\000c\000o\000\040\000y\000\040\000a\000j\000u\000s\000t\000e\000\040\000d\000e\000\040\000m\000o\000d\000e\000l\000o\000s}{chapter.2}% 8
\BOOKMARK [2][-]{subsection.2.2.1}{\376\377\000A\000p\000r\000e\000n\000d\000i\000z\000a\000j\000e\000\040\000a\000u\000t\000o\000m\000\341\000t\000i\000c\000o}{section.2.2}% 9
\BOOKMARK [2][-]{subsection.2.2.2}{\376\377\000S\000e\000l\000e\000c\000c\000i\000\363\000n\000\040\000d\000e\000\040\000m\000o\000d\000e\000l\000o\000s}{section.2.2}% 10
\BOOKMARK [2][-]{subsection.2.2.3}{\376\377\000M\000o\000d\000e\000l\000o\000s\000\040\000d\000e\000\040\000r\000e\000g\000r\000e\000s\000i\000\363\000n}{section.2.2}% 11
\BOOKMARK [0][-]{chapter.3}{\376\377\000E\000s\000t\000u\000d\000i\000o\000\040\000e\000x\000p\000l\000o\000r\000a\000t\000o\000r\000i\000o\000\040\000d\000e\000l\000\040\000p\000r\000o\000b\000l\000e\000m\000a}{}% 12
\BOOKMARK [1][-]{section.3.1}{\376\377\000D\000e\000f\000i\000n\000i\000c\000i\000\363\000n\000\040\000y\000\040\000o\000b\000j\000e\000t\000i\000v\000o\000s\000\040\000d\000e\000l\000\040\000p\000r\000o\000b\000l\000e\000m\000a}{chapter.3}% 13
\BOOKMARK [1][-]{section.3.2}{\376\377\000A\000n\000\341\000l\000i\000s\000i\000s\000\040\000e\000x\000p\000l\000o\000r\000a\000t\000o\000r\000i\000o\000\040\000d\000e\000\040\000d\000a\000t\000o\000s}{chapter.3}% 14
\BOOKMARK [2][-]{subsection.3.2.1}{\376\377\000D\000i\000s\000t\000r\000i\000b\000u\000c\000i\000\363\000n\000\040\000d\000e\000l\000\040\000c\000o\000n\000j\000u\000n\000t\000o\000\040\000d\000e\000\040\000d\000a\000t\000o\000s}{section.3.2}% 15
\BOOKMARK [2][-]{subsection.3.2.2}{\376\377\000E\000s\000t\000u\000d\000i\000o\000\040\000d\000e\000\040\000a\000t\000r\000i\000b\000u\000t\000o\000s\000\040\000c\000a\000t\000e\000g\000\363\000r\000i\000c\000o\000s}{section.3.2}% 16
\BOOKMARK [2][-]{subsection.3.2.3}{\376\377\000E\000s\000t\000u\000d\000i\000o\000\040\000d\000e\000\040\000a\000t\000r\000i\000b\000u\000t\000o\000s\000\040\000n\000u\000m\000\351\000r\000i\000c\000o\000s}{section.3.2}% 17
\BOOKMARK [0][-]{chapter.4}{\376\377\000P\000r\000e\000p\000a\000r\000a\000c\000i\000\363\000n\000\040\000d\000e\000l\000\040\000c\000o\000n\000j\000u\000n\000t\000o\000\040\000d\000e\000\040\000d\000a\000t\000o\000s}{}% 18
\BOOKMARK [1][-]{section.4.1}{\376\377\000S\000e\000l\000e\000c\000c\000i\000\363\000n\000\040\000d\000e\000\040\000a\000t\000r\000i\000b\000u\000t\000o\000s}{chapter.4}% 19
\BOOKMARK [2][-]{subsection.4.1.1}{\376\377\000S\000e\000l\000e\000c\000c\000i\000\363\000n\000\040\000m\000a\000n\000u\000a\000l\000\040\000d\000e\000\040\000a\000t\000r\000i\000b\000u\000t\000o\000s}{section.4.1}% 20
\BOOKMARK [2][-]{subsection.4.1.2}{\376\377\000S\000e\000l\000e\000c\000c\000i\000\363\000n\000\040\000a\000u\000t\000o\000m\000\341\000t\000i\000c\000a\000\040\000d\000e\000\040\000a\000t\000r\000i\000b\000u\000t\000o\000s}{section.4.1}% 21
\BOOKMARK [1][-]{section.4.2}{\376\377\000P\000r\000e\000-\000p\000r\000o\000c\000e\000s\000a\000m\000i\000e\000n\000t\000o\000\040\000d\000e\000\040\000l\000o\000s\000\040\000d\000a\000t\000o\000s}{chapter.4}% 22
\BOOKMARK [0][-]{chapter.5}{\376\377\000M\000o\000d\000e\000l\000a\000d\000o\000\040\000y\000\040\000e\000v\000a\000l\000u\000a\000c\000i\000\363\000n}{}% 23
\BOOKMARK [1][-]{section.5.1}{\376\377\000M\000o\000d\000e\000l\000a\000d\000o\000\040\000y\000\040\000e\000x\000p\000e\000r\000i\000m\000e\000n\000t\000a\000c\000i\000\363\000n}{chapter.5}% 24
\BOOKMARK [2][-]{subsection.5.1.1}{\376\377\000M\000o\000d\000e\000l\000o\000s\000\040\000e\000\040\000h\000i\000p\000e\000r\000p\000a\000r\000\341\000m\000e\000t\000r\000o\000s\000\040\000p\000r\000o\000p\000u\000e\000s\000t\000o\000s}{section.5.1}% 25
\BOOKMARK [2][-]{subsection.5.1.2}{\376\377\000E\000x\000p\000e\000r\000i\000m\000e\000n\000t\000a\000c\000i\000\363\000n}{section.5.1}% 26
\BOOKMARK [1][-]{section.5.2}{\376\377\000E\000v\000a\000l\000u\000a\000c\000i\000\363\000n}{chapter.5}% 27
\BOOKMARK [2][-]{subsection.5.2.1}{\376\377\000R\000e\000n\000d\000i\000m\000i\000e\000n\000t\000o\000\040\000d\000u\000r\000a\000n\000t\000e\000\040\000e\000l\000\040\000a\000j\000u\000s\000t\000e\000\040\000d\000e\000\040\000h\000i\000p\000e\000r\000p\000a\000r\000\341\000m\000e\000t\000r\000o\000s}{section.5.2}% 28
\BOOKMARK [2][-]{subsection.5.2.2}{\376\377\000R\000e\000n\000d\000i\000m\000i\000e\000n\000t\000o\000\040\000d\000u\000r\000a\000n\000t\000e\000\040\000l\000a\000\040\000s\000e\000l\000e\000c\000c\000i\000\363\000n\000\040\000d\000e\000\040\000m\000o\000d\000e\000l\000o\000s}{section.5.2}% 29
\BOOKMARK [2][-]{subsection.5.2.3}{\376\377\000R\000e\000n\000d\000i\000m\000i\000e\000n\000t\000o\000\040\000d\000e\000l\000\040\000m\000o\000d\000e\000l\000o\000\040\000f\000i\000n\000a\000l}{section.5.2}% 30
\BOOKMARK [0][-]{chapter.6}{\376\377\000D\000e\000s\000p\000l\000i\000e\000g\000u\000e\000\040\000y\000\040\000a\000p\000l\000i\000c\000a\000c\000i\000\363\000n\000\040\000w\000e\000b}{}% 31
\BOOKMARK [1][-]{section.6.1}{\376\377\000A\000p\000l\000i\000c\000a\000c\000i\000\363\000n\000\040\000p\000a\000r\000a\000\040\000u\000s\000u\000a\000r\000i\000o\000\040\000-\000\040\000p\000r\000e\000d\000i\000c\000c\000i\000\363\000n\000\040\000i\000n\000d\000i\000v\000i\000d\000u\000a\000l}{chapter.6}% 32
\BOOKMARK [1][-]{section.6.2}{\376\377\000A\000p\000l\000i\000c\000a\000c\000i\000\363\000n\000\040\000b\000a\000t\000c\000h\000\040\000-\000\040\000p\000r\000e\000d\000i\000c\000c\000i\000\363\000n\000\040\000e\000n\000\040\000b\000l\000o\000q\000u\000e}{chapter.6}% 33
\BOOKMARK [0][-]{chapter.7}{\376\377\000C\000o\000n\000c\000l\000u\000s\000i\000o\000n\000e\000s}{}% 34
\BOOKMARK [1][-]{section.7.1}{\376\377\000T\000r\000a\000b\000a\000j\000o\000\040\000f\000u\000t\000u\000r\000o}{chapter.7}% 35
\BOOKMARK [0][-]{chapter*.31}{\376\377\000R\000e\000f\000e\000r\000e\000n\000c\000i\000a\000\040\000b\000i\000b\000l\000i\000o\000g\000r\000\341\000f\000i\000c\000a}{}% 36
\BOOKMARK [0][-]{appendix.A}{\376\377\000R\000e\000s\000u\000l\000t\000a\000d\000o\000s}{}% 37
\BOOKMARK [1][-]{section.A.1}{\376\377\000E\000s\000t\000a\000d\000\355\000s\000t\000i\000c\000o\000s}{appendix.A}% 38
\BOOKMARK [2][-]{subsection.A.1.1}{\376\377\000A\000j\000u\000s\000t\000e\000\040\000d\000e\000\040\000h\000i\000p\000e\000r\000p\000a\000r\000\341\000m\000e\000t\000r\000o\000s}{section.A.1}% 39
\BOOKMARK [2][-]{subsection.A.1.2}{\376\377\000S\000e\000l\000e\000c\000c\000i\000\363\000n\000\040\000d\000e\000\040\000m\000o\000d\000e\000l\000o\000s}{section.A.1}% 40
\BOOKMARK [1][-]{section.A.2}{\376\377\000H\000i\000p\000e\000r\000p\000a\000r\000\341\000m\000e\000t\000r\000o\000s}{appendix.A}% 41
\BOOKMARK [0][-]{appendix.B}{\376\377\000C\000o\000n\000t\000e\000n\000i\000d\000o\000s\000\040\000d\000e\000l\000\040\000r\000e\000p\000o\000s\000i\000t\000o\000r\000i\000o}{}% 42
